<?xml version="1.0" encoding="UTF-8"?>
<!-- Generated by org.testng.reporters.JUnitXMLReporter -->
<testsuite hostname="Admin" ignored="0" name="IE_Test" tests="3" failures="0" timestamp="2021-07-11T14:37:02 IST" time="35.116" errors="0">
  <testcase name="VerifyLogo" time="0.178" classname="com.md.testcases.MDLoginTest"/>
  <testcase name="VerifyTitle" time="0.031" classname="com.md.testcases.MDLoginTest"/>
  <testcase name="verifyLogin" time="8.061" classname="com.md.testcases.MDLoginTest"/>
</testsuite> <!-- IE_Test -->
