<?xml version="1.0" encoding="UTF-8"?>
<!-- Generated by org.testng.reporters.JUnitXMLReporter -->
<testsuite hostname="Admin" ignored="0" name="Test_all" tests="3" failures="0" timestamp="2021-07-11T16:00:06 IST" time="36.143" errors="0">
  <testcase name="VerifyLogo" time="0.34" classname="com.md.testcases.MDLoginTest"/>
  <testcase name="VerifyTitle" time="0.026" classname="com.md.testcases.MDLoginTest"/>
  <testcase name="verifyLogin" time="8.148" classname="com.md.testcases.MDLoginTest"/>
</testsuite> <!-- Test_all -->
