<?xml version="1.0" encoding="UTF-8"?>
<!-- Generated by org.testng.reporters.JUnitXMLReporter -->
<testsuite hostname="Admin" ignored="2" name="Test_smoke" tests="1" failures="0" timestamp="2021-07-11T14:24:38 IST" time="7.98" errors="0">
  <testcase name="VerifyTitle" time="0.109" classname="com.md.testcases.MDLoginTest"/>
  <testcase name="VerifyLogo" time="0.0" classname="com.md.testcases.MDLoginTest">
    <ignored/>
  </testcase> <!-- VerifyLogo -->
  <testcase name="verifyLogin" time="0.0" classname="com.md.testcases.MDLoginTest">
    <ignored/>
  </testcase> <!-- verifyLogin -->
</testsuite> <!-- Test_smoke -->
