<?xml version="1.0" encoding="UTF-8"?>
<!-- Generated by org.testng.reporters.JUnitXMLReporter -->
<testsuite hostname="Admin" ignored="0" name="Default test" tests="3" failures="0" timestamp="2021-07-11T13:40:36 IST" time="31.519" errors="0">
  <testcase name="VerifyLogo" time="0.297" classname="com.md.testcases.MDLoginTest"/>
  <testcase name="VerifyTitle" time="0.045" classname="com.md.testcases.MDLoginTest"/>
  <testcase name="verifyLogin" time="7.055" classname="com.md.testcases.MDLoginTest"/>
</testsuite> <!-- Default test -->
